
{"level":"warn","message":"Se ha recibido una petición en la ruta inexistente /dsfdsfdfs.","timestamp":"2022-06-08T17:53:06.895Z"}
{"level":"warn","message":"Se ha recibido una petición en la ruta inexistente /dsfdsfdfs.","timestamp":"2022-06-08T17:53:54.265Z"}
{"level":"warn","message":"Se ha recibido una petición en la ruta inexistente /dsfdsfdfs.","timestamp":"2022-06-08T17:54:01.951Z"}
{"level":"warn","message":"Se ha recibido una petición en la ruta inexistente /.","timestamp":"2022-06-09T15:49:19.751Z"}
{"level":"warn","message":"Se ha recibido una petición en la ruta inexistente /.","timestamp":"2022-06-09T17:34:19.548Z"}
{"level":"warn","message":"Se ha recibido una petición en la ruta inexistente /.","timestamp":"2022-06-17T16:47:10.965Z"}
{"level":"warn","message":"Se ha recibido una petición en la ruta inexistente /.","timestamp":"2022-06-17T16:47:20.958Z"}
{"level":"warn","message":"Se ha recibido una petición en la ruta inexistente /.","timestamp":"2022-06-24T14:11:06.618Z"}
{"level":"warn","message":"Se ha recibido una petición en la ruta inexistente /.","timestamp":"2022-06-24T14:15:05.515Z"}
{"level":"warn","message":"Se ha recibido una petición en la ruta inexistente /.","timestamp":"2022-06-24T14:15:07.777Z"}
{"level":"warn","message":"Se ha recibido una petición en la ruta inexistente /signup/styles.css.","timestamp":"2022-06-24T15:18:05.399Z"}
{"level":"warn","message":"Se ha recibido una petición en la ruta inexistente /signup/styles.css.","timestamp":"2022-06-24T15:18:15.730Z"}
{"level":"warn","message":"Se ha recibido una petición en la ruta inexistente /signup/styles.css.","timestamp":"2022-06-24T15:18:33.276Z"}
{"level":"warn","message":"Se ha recibido una petición en la ruta inexistente /signup/styles.css.","timestamp":"2022-06-24T15:18:35.870Z"}
{"level":"warn","message":"Se ha recibido una petición en la ruta inexistente /signup/styles.css.","timestamp":"2022-06-24T15:18:37.938Z"}
{"level":"warn","message":"Se ha recibido una petición en la ruta inexistente /signup/styles.css.","timestamp":"2022-06-24T15:18:42.355Z"}
{"level":"warn","message":"Se ha recibido una petición en la ruta inexistente /signup/signup/styles.css.","timestamp":"2022-06-24T15:19:16.995Z"}
{"level":"warn","message":"Se ha recibido una petición en la ruta inexistente /signup/favicon.ico.","timestamp":"2022-06-24T15:19:17.578Z"}
{"level":"warn","message":"Se ha recibido una petición en la ruta inexistente /signup/signup/styles.css.","timestamp":"2022-06-24T15:19:18.978Z"}
{"level":"warn","message":"Se ha recibido una petición en la ruta inexistente /signup/favicon.ico.","timestamp":"2022-06-24T15:19:19.444Z"}
{"level":"warn","message":"Se ha recibido una petición en la ruta inexistente /signup/signup/styles.css.","timestamp":"2022-06-24T15:19:21.070Z"}
{"level":"warn","message":"Se ha recibido una petición en la ruta inexistente /signup/favicon.ico.","timestamp":"2022-06-24T15:19:21.657Z"}
{"level":"warn","message":"Se ha recibido una petición en la ruta inexistente /signup/signup/styles.css.","timestamp":"2022-06-24T15:19:35.356Z"}
{"level":"warn","message":"Se ha recibido una petición en la ruta inexistente /signup/favicon.ico.","timestamp":"2022-06-24T15:19:35.767Z"}
{"level":"warn","message":"Se ha recibido una petición en la ruta inexistente /signup/signup/styles.css.","timestamp":"2022-06-24T15:19:44.408Z"}
{"level":"warn","message":"Se ha recibido una petición en la ruta inexistente /signup/favicon.ico.","timestamp":"2022-06-24T15:19:44.982Z"}
{"level":"warn","message":"Se ha recibido una petición en la ruta inexistente /signup/signup/styles.css.","timestamp":"2022-06-24T15:19:46.151Z"}
{"level":"warn","message":"Se ha recibido una petición en la ruta inexistente /signup/favicon.ico.","timestamp":"2022-06-24T15:19:46.706Z"}
{"level":"warn","message":"Se ha recibido una petición en la ruta inexistente /signup/signup/styles.css.","timestamp":"2022-06-24T15:19:47.955Z"}
{"level":"warn","message":"Se ha recibido una petición en la ruta inexistente /signup/favicon.ico.","timestamp":"2022-06-24T15:19:48.367Z"}
{"level":"warn","message":"Se ha recibido una petición en la ruta inexistente /signup/signup/styles.css.","timestamp":"2022-06-24T15:20:17.638Z"}
{"level":"warn","message":"Se ha recibido una petición en la ruta inexistente /signup/favicon.ico.","timestamp":"2022-06-24T15:20:18.384Z"}
{"level":"warn","message":"Se ha recibido una petición en la ruta inexistente /signup/signup/styles.css.","timestamp":"2022-06-24T15:20:20.332Z"}
{"level":"warn","message":"Se ha recibido una petición en la ruta inexistente /signup/favicon.ico.","timestamp":"2022-06-24T15:20:20.779Z"}
{"level":"warn","message":"Se ha recibido una petición en la ruta inexistente /signup/signup/styles.css.","timestamp":"2022-06-24T15:20:22.647Z"}
{"level":"warn","message":"Se ha recibido una petición en la ruta inexistente /signup/favicon.ico.","timestamp":"2022-06-24T15:20:23.094Z"}
{"level":"warn","message":"Se ha recibido una petición en la ruta inexistente /signup/signup/styles.css.","timestamp":"2022-06-24T15:20:24.956Z"}
{"level":"warn","message":"Se ha recibido una petición en la ruta inexistente /signup/favicon.ico.","timestamp":"2022-06-24T15:20:25.543Z"}
{"level":"warn","message":"Se ha recibido una petición en la ruta inexistente /signup/signup/styles.css.","timestamp":"2022-06-24T15:21:11.184Z"}
{"level":"warn","message":"Se ha recibido una petición en la ruta inexistente /signup/favicon.ico.","timestamp":"2022-06-24T15:21:11.767Z"}
{"level":"warn","message":"Se ha recibido una petición en la ruta inexistente /signup/signup/styles.css.","timestamp":"2022-06-24T15:21:22.425Z"}
{"level":"warn","message":"Se ha recibido una petición en la ruta inexistente /signup/favicon.ico.","timestamp":"2022-06-24T15:21:23.104Z"}
{"level":"warn","message":"Se ha recibido una petición en la ruta inexistente /signup/signup/styles.css.","timestamp":"2022-06-24T15:21:46.314Z"}
{"level":"warn","message":"Se ha recibido una petición en la ruta inexistente /signup/favicon.ico.","timestamp":"2022-06-24T15:21:46.799Z"}
{"level":"warn","message":"Se ha recibido una petición en la ruta inexistente /signup/public/signup/styles.css.","timestamp":"2022-06-24T15:21:55.929Z"}
{"level":"warn","message":"Se ha recibido una petición en la ruta inexistente /signup/favicon.ico.","timestamp":"2022-06-24T15:21:56.535Z"}
{"level":"warn","message":"Se ha recibido una petición en la ruta inexistente /signup/public/signup/styles.css.","timestamp":"2022-06-24T15:21:58.482Z"}
{"level":"warn","message":"Se ha recibido una petición en la ruta inexistente /signup/favicon.ico.","timestamp":"2022-06-24T15:21:59.232Z"}
{"level":"warn","message":"Se ha recibido una petición en la ruta inexistente /signup/signup/styles.css.","timestamp":"2022-06-24T15:22:16.229Z"}
{"level":"warn","message":"Se ha recibido una petición en la ruta inexistente /signup/favicon.ico.","timestamp":"2022-06-24T15:22:16.783Z"}
{"level":"warn","message":"Se ha recibido una petición en la ruta inexistente /signup/signup/styles.css.","timestamp":"2022-06-24T15:22:26.655Z"}
{"level":"warn","message":"Se ha recibido una petición en la ruta inexistente /signup/favicon.ico.","timestamp":"2022-06-24T15:23:28.939Z"}
{"level":"warn","message":"Se ha recibido una petición en la ruta inexistente /signup/favicon.ico.","timestamp":"2022-06-24T15:23:45.705Z"}
{"level":"warn","message":"Se ha recibido una petición en la ruta inexistente /signup/favicon.ico.","timestamp":"2022-06-24T15:23:51.379Z"}
{"level":"warn","message":"Se ha recibido una petición en la ruta inexistente /signup/favicon.ico.","timestamp":"2022-06-24T15:25:45.743Z"}
{"level":"warn","message":"Se ha recibido una petición en la ruta inexistente /signup/favicon.ico.","timestamp":"2022-06-24T15:25:59.345Z"}
{"level":"warn","message":"Se ha recibido una petición en la ruta inexistente /signup/favicon.ico.","timestamp":"2022-06-24T15:28:14.155Z"}
{"level":"warn","message":"Se ha recibido una petición en la ruta inexistente /login/favicon.ico.","timestamp":"2022-06-24T15:28:16.194Z"}
{"level":"warn","message":"Se ha recibido una petición en la ruta inexistente /signup/favicon.ico.","timestamp":"2022-06-24T15:28:56.448Z"}
{"level":"warn","message":"Se ha recibido una petición en la ruta inexistente /login/favicon.ico.","timestamp":"2022-06-24T15:32:08.427Z"}
{"level":"warn","message":"Se ha recibido una petición en la ruta inexistente /signup/favicon.ico.","timestamp":"2022-06-24T15:32:11.581Z"}
{"level":"warn","message":"Se ha recibido una petición en la ruta inexistente /login/favicon.ico.","timestamp":"2022-06-24T15:32:26.965Z"}
{"level":"warn","message":"Se ha recibido una petición en la ruta inexistente /login/favicon.ico.","timestamp":"2022-06-24T15:34:06.351Z"}
{"level":"warn","message":"Se ha recibido una petición en la ruta inexistente /signup/favicon.ico.","timestamp":"2022-06-24T15:34:13.944Z"}
{"level":"warn","message":"Se ha recibido una petición en la ruta inexistente /login/favicon.ico.","timestamp":"2022-06-24T15:35:31.036Z"}
{"level":"warn","message":"Se ha recibido una petición en la ruta inexistente /signup/favicon.ico.","timestamp":"2022-06-24T15:35:36.283Z"}
{"level":"warn","message":"Se ha recibido una petición en la ruta inexistente /login/favicon.ico.","timestamp":"2022-06-24T15:36:52.094Z"}
{"level":"warn","message":"Se ha recibido una petición en la ruta inexistente /signup/favicon.ico.","timestamp":"2022-06-24T15:36:54.526Z"}
{"level":"warn","message":"Se ha recibido una petición en la ruta inexistente /login/favicon.ico.","timestamp":"2022-06-24T15:39:04.109Z"}
{"level":"warn","message":"Se ha recibido una petición en la ruta inexistente /signup/favicon.ico.","timestamp":"2022-06-24T15:43:20.958Z"}
{"level":"warn","message":"Se ha recibido una petición en la ruta inexistente /login/favicon.ico.","timestamp":"2022-06-24T15:47:18.312Z"}
{"level":"warn","message":"Se ha recibido una petición en la ruta inexistente /signup/favicon.ico.","timestamp":"2022-06-24T15:47:20.337Z"}
{"level":"warn","message":"Se ha recibido una petición en la ruta inexistente /login/favicon.ico.","timestamp":"2022-06-24T15:48:05.110Z"}
{"level":"warn","message":"Se ha recibido una petición en la ruta inexistente /login/favicon.ico.","timestamp":"2022-06-24T15:48:12.971Z"}
{"level":"warn","message":"Se ha recibido una petición en la ruta inexistente /login/favicon.ico.","timestamp":"2022-06-24T15:48:21.666Z"}
{"level":"warn","message":"Se ha recibido una petición en la ruta inexistente /login/favicon.ico.","timestamp":"2022-06-24T15:49:07.406Z"}
{"level":"warn","message":"Se ha recibido una petición en la ruta inexistente /login/favicon.ico.","timestamp":"2022-06-24T15:49:23.494Z"}
{"level":"warn","message":"Se ha recibido una petición en la ruta inexistente /login/favicon.ico.","timestamp":"2022-06-24T15:49:29.466Z"}
{"level":"warn","message":"Se ha recibido una petición en la ruta inexistente /login/favicon.ico.","timestamp":"2022-06-24T15:49:36.804Z"}
{"level":"warn","message":"Se ha recibido una petición en la ruta inexistente /login/favicon.ico.","timestamp":"2022-06-24T15:49:53.677Z"}
{"level":"warn","message":"Se ha recibido una petición en la ruta inexistente /login/favicon.ico.","timestamp":"2022-06-24T15:50:21.830Z"}
{"level":"warn","message":"Se ha recibido una petición en la ruta inexistente /login/favicon.ico.","timestamp":"2022-06-24T15:50:24.462Z"}
{"level":"warn","message":"Se ha recibido una petición en la ruta inexistente /login/favicon.ico.","timestamp":"2022-06-24T15:50:31.474Z"}
{"level":"warn","message":"Se ha recibido una petición en la ruta inexistente /login/favicon.ico.","timestamp":"2022-06-24T15:50:33.746Z"}
{"level":"warn","message":"Se ha recibido una petición en la ruta inexistente /login/favicon.ico.","timestamp":"2022-06-24T15:50:55.415Z"}
{"level":"warn","message":"Se ha recibido una petición en la ruta inexistente /login/favicon.ico.","timestamp":"2022-06-24T15:51:29.435Z"}
{"level":"warn","message":"Se ha recibido una petición en la ruta inexistente /login/favicon.ico.","timestamp":"2022-06-24T15:51:31.973Z"}
{"level":"warn","message":"Se ha recibido una petición en la ruta inexistente /login/favicon.ico.","timestamp":"2022-06-24T15:51:41.220Z"}
{"level":"warn","message":"Se ha recibido una petición en la ruta inexistente /login/favicon.ico.","timestamp":"2022-06-24T15:51:55.698Z"}
{"level":"warn","message":"Se ha recibido una petición en la ruta inexistente /signup/favicon.ico.","timestamp":"2022-06-24T15:52:02.385Z"}
{"level":"warn","message":"Se ha recibido una petición en la ruta inexistente /signup/favicon.ico.","timestamp":"2022-06-24T15:52:20.479Z"}
{"level":"warn","message":"Se ha recibido una petición en la ruta inexistente /login/favicon.ico.","timestamp":"2022-06-24T15:52:34.069Z"}
{"level":"warn","message":"Se ha recibido una petición en la ruta inexistente /signup/favicon.ico.","timestamp":"2022-06-24T15:52:35.774Z"}
{"level":"warn","message":"Se ha recibido una petición en la ruta inexistente /signup/favicon.ico.","timestamp":"2022-06-24T15:53:24.346Z"}
{"level":"warn","message":"Se ha recibido una petición en la ruta inexistente /signup/favicon.ico.","timestamp":"2022-06-24T15:53:40.278Z"}
{"level":"warn","message":"Se ha recibido una petición en la ruta inexistente /signup/favicon.ico.","timestamp":"2022-06-24T15:53:43.480Z"}
{"level":"warn","message":"Se ha recibido una petición en la ruta inexistente /signup/favicon.ico.","timestamp":"2022-06-24T15:53:45.951Z"}
{"level":"warn","message":"Se ha recibido una petición en la ruta inexistente /signup/favicon.ico.","timestamp":"2022-06-24T15:53:49.615Z"}
{"level":"warn","message":"Se ha recibido una petición en la ruta inexistente /signup/favicon.ico.","timestamp":"2022-06-24T15:54:00.442Z"}
{"level":"warn","message":"Se ha recibido una petición en la ruta inexistente /login/favicon.ico.","timestamp":"2022-06-24T15:55:02.919Z"}
{"level":"warn","message":"Se ha recibido una petición en la ruta inexistente /signup/favicon.ico.","timestamp":"2022-06-24T15:55:04.872Z"}
{"level":"warn","message":"Se ha recibido una petición en la ruta inexistente /signup/favicon.ico.","timestamp":"2022-06-24T15:56:59.007Z"}
{"level":"warn","message":"Se ha recibido una petición en la ruta inexistente /login/favicon.ico.","timestamp":"2022-06-24T15:57:03.888Z"}
{"level":"warn","message":"Se ha recibido una petición en la ruta inexistente /signup/favicon.ico.","timestamp":"2022-06-24T15:57:08.322Z"}
{"level":"warn","message":"Se ha recibido una petición en la ruta inexistente /signup/favicon.ico.","timestamp":"2022-06-24T15:58:59.640Z"}
{"level":"warn","message":"Se ha recibido una petición en la ruta inexistente /signup/favicon.ico.","timestamp":"2022-06-24T15:59:22.597Z"}
{"level":"warn","message":"Se ha recibido una petición en la ruta inexistente /signup/favicon.ico.","timestamp":"2022-06-24T15:59:25.342Z"}
{"level":"warn","message":"Se ha recibido una petición en la ruta inexistente /signup/favicon.ico.","timestamp":"2022-06-24T15:59:32.233Z"}
{"level":"warn","message":"Se ha recibido una petición en la ruta inexistente /signup/favicon.ico.","timestamp":"2022-06-24T16:00:20.663Z"}
{"level":"warn","message":"Se ha recibido una petición en la ruta inexistente /signup/favicon.ico.","timestamp":"2022-06-24T16:00:23.165Z"}
{"level":"warn","message":"Se ha recibido una petición en la ruta inexistente /signup/favicon.ico.","timestamp":"2022-06-24T16:00:25.760Z"}
{"level":"warn","message":"Se ha recibido una petición en la ruta inexistente /signup/favicon.ico.","timestamp":"2022-06-24T16:00:28.430Z"}
{"level":"warn","message":"Se ha recibido una petición en la ruta inexistente /signup/favicon.ico.","timestamp":"2022-06-24T16:00:45.256Z"}
{"level":"warn","message":"Se ha recibido una petición en la ruta inexistente /signup/favicon.ico.","timestamp":"2022-06-24T16:00:47.848Z"}
{"level":"warn","message":"Se ha recibido una petición en la ruta inexistente /signup/favicon.ico.","timestamp":"2022-06-24T16:00:57.534Z"}
{"level":"warn","message":"Se ha recibido una petición en la ruta inexistente /signup/favicon.ico.","timestamp":"2022-06-24T16:01:29.224Z"}
{"level":"warn","message":"Se ha recibido una petición en la ruta inexistente /signup/favicon.ico.","timestamp":"2022-06-24T16:04:22.746Z"}
{"level":"warn","message":"Se ha recibido una petición en la ruta inexistente /signup/favicon.ico.","timestamp":"2022-06-24T16:04:43.689Z"}
{"level":"warn","message":"Se ha recibido una petición en la ruta inexistente /signup/favicon.ico.","timestamp":"2022-06-24T16:05:05.685Z"}
{"level":"warn","message":"Se ha recibido una petición en la ruta inexistente /signup/favicon.ico.","timestamp":"2022-06-24T16:05:08.764Z"}
{"level":"warn","message":"Se ha recibido una petición en la ruta inexistente /signup/favicon.ico.","timestamp":"2022-06-24T16:06:03.360Z"}
{"level":"warn","message":"Se ha recibido una petición en la ruta inexistente /signup/favicon.ico.","timestamp":"2022-06-24T16:07:03.260Z"}
{"level":"warn","message":"Se ha recibido una petición en la ruta inexistente /signup/favicon.ico.","timestamp":"2022-06-24T16:21:14.807Z"}
{"level":"warn","message":"Se ha recibido una petición en la ruta inexistente /login/favicon.ico.","timestamp":"2022-06-24T16:30:15.620Z"}
{"level":"warn","message":"Se ha recibido una petición en la ruta inexistente /login/favicon.ico.","timestamp":"2022-06-24T16:30:28.669Z"}
{"level":"warn","message":"Se ha recibido una petición en la ruta inexistente /signup/favicon.ico.","timestamp":"2022-06-24T16:30:36.379Z"}
{"level":"warn","message":"Se ha recibido una petición en la ruta inexistente /signup/favicon.ico.","timestamp":"2022-06-24T16:39:50.567Z"}
{"level":"warn","message":"Se ha recibido una petición en la ruta inexistente /signup/favicon.ico.","timestamp":"2022-06-24T16:41:44.255Z"}
{"level":"warn","message":"Se ha recibido una petición en la ruta inexistente /signup/favicon.ico.","timestamp":"2022-06-24T16:42:02.966Z"}
{"level":"warn","message":"Se ha recibido una petición en la ruta inexistente /signup/favicon.ico.","timestamp":"2022-06-24T16:42:14.374Z"}
{"level":"warn","message":"Se ha recibido una petición en la ruta inexistente /styles.css.","timestamp":"2022-06-24T16:42:26.680Z"}
{"level":"warn","message":"Se ha recibido una petición en la ruta inexistente /login/home.js.","timestamp":"2022-06-24T16:42:26.690Z"}
{"level":"warn","message":"Se ha recibido una petición en la ruta inexistente /login/home.js.","timestamp":"2022-06-24T16:42:27.060Z"}
{"level":"warn","message":"Se ha recibido una petición en la ruta inexistente /styles.css.","timestamp":"2022-06-24T16:42:40.763Z"}
{"level":"warn","message":"Se ha recibido una petición en la ruta inexistente /login/home.js.","timestamp":"2022-06-24T16:42:40.779Z"}
{"level":"warn","message":"Se ha recibido una petición en la ruta inexistente /styles.css.","timestamp":"2022-06-24T16:42:50.415Z"}
{"level":"warn","message":"Se ha recibido una petición en la ruta inexistente /home.js.","timestamp":"2022-06-24T16:42:50.420Z"}
{"level":"warn","message":"Se ha recibido una petición en la ruta inexistente /home.js.","timestamp":"2022-06-24T16:42:50.553Z"}
{"level":"warn","message":"Se ha recibido una petición en la ruta inexistente /home.js.","timestamp":"2022-06-24T16:43:46.947Z"}
{"level":"warn","message":"Se ha recibido una petición en la ruta inexistente /signup/favicon.ico.","timestamp":"2022-06-24T16:44:45.379Z"}
{"level":"warn","message":"Se ha recibido una petición en la ruta inexistente /signup-error.","timestamp":"2022-06-24T16:46:22.515Z"}
{"level":"warn","message":"Se ha recibido una petición en la ruta inexistente /signupError.","timestamp":"2022-06-24T16:46:31.431Z"}
{"level":"warn","message":"Se ha recibido una petición en la ruta inexistente /login/favicon.ico.","timestamp":"2022-06-24T16:48:27.590Z"}
{"level":"warn","message":"Se ha recibido una petición en la ruta inexistente /signup/favicon.ico.","timestamp":"2022-06-24T16:48:29.445Z"}
{"level":"warn","message":"Se ha recibido una petición en la ruta inexistente /login/favicon.ico.","timestamp":"2022-06-24T16:52:40.298Z"}
{"level":"warn","message":"Se ha recibido una petición en la ruta inexistente /login/favicon.ico.","timestamp":"2022-06-24T17:02:02.601Z"}
{"level":"warn","message":"Se ha recibido una petición en la ruta inexistente /signup/favicon.ico.","timestamp":"2022-06-24T17:02:04.900Z"}
{"level":"warn","message":"Se ha recibido una petición en la ruta inexistente /login/favicon.ico.","timestamp":"2022-06-24T17:02:30.047Z"}
{"level":"warn","message":"Se ha recibido una petición en la ruta inexistente /signup/favicon.ico.","timestamp":"2022-06-24T17:02:32.226Z"}
{"level":"warn","message":"Se ha recibido una petición en la ruta inexistente /login/favicon.ico.","timestamp":"2022-06-24T17:02:35.203Z"}
{"level":"warn","message":"Se ha recibido una petición en la ruta inexistente /signup/favicon.ico.","timestamp":"2022-06-24T17:29:36.545Z"}
{"level":"warn","message":"Se ha recibido una petición en la ruta inexistente /login/favicon.ico.","timestamp":"2022-06-24T17:29:42.153Z"}
{"level":"warn","message":"Se ha recibido una petición en la ruta inexistente /signup/favicon.ico.","timestamp":"2022-06-24T17:29:44.445Z"}
{"level":"warn","message":"Se ha recibido una petición en la ruta inexistente /login/favicon.ico.","timestamp":"2022-06-24T17:31:41.405Z"}
{"level":"warn","message":"Se ha recibido una petición en la ruta inexistente /login/favicon.ico.","timestamp":"2022-06-24T17:51:11.332Z"}
{"level":"warn","message":"Se ha recibido una petición en la ruta inexistente /signup/favicon.ico.","timestamp":"2022-06-24T17:51:16.174Z"}
{"level":"warn","message":"Se ha recibido una petición en la ruta inexistente /signup/favicon.ico.","timestamp":"2022-06-24T17:57:32.389Z"}
{"level":"warn","message":"Se ha recibido una petición en la ruta inexistente /login/favicon.ico.","timestamp":"2022-06-24T17:57:35.573Z"}
{"level":"warn","message":"Se ha recibido una petición en la ruta inexistente /login/favicon.ico.","timestamp":"2022-06-24T17:57:47.349Z"}
{"level":"warn","message":"Se ha recibido una petición en la ruta inexistente /signup/favicon.ico.","timestamp":"2022-06-24T18:31:48.377Z"}
{"level":"warn","message":"Se ha recibido una petición en la ruta inexistente /signup/favicon.ico.","timestamp":"2022-06-24T18:57:06.738Z"}
{"level":"warn","message":"Se ha recibido una petición en la ruta inexistente /signup/favicon.ico.","timestamp":"2022-06-24T18:58:56.944Z"}
{"level":"warn","message":"Se ha recibido una petición en la ruta inexistente /signup/favicon.ico.","timestamp":"2022-06-24T19:00:03.169Z"}
{"level":"warn","message":"Se ha recibido una petición en la ruta inexistente /signup/favicon.ico.","timestamp":"2022-06-24T19:58:19.482Z"}
{"level":"warn","message":"Se ha recibido una petición en la ruta inexistente /login/favicon.ico.","timestamp":"2022-06-24T19:58:37.278Z"}
{"level":"warn","message":"Se ha recibido una petición en la ruta inexistente /login/favicon.ico.","timestamp":"2022-06-24T20:23:47.654Z"}
{"address":null,"code":"EADDRINUSE","errno":-4091,"level":"error","port":8080,"syscall":"bind","timestamp":"2022-06-24T20:29:51.027Z"}
{"_message":"products validation failed","errors":{"price":{"kind":"Number","message":"Cast to Number failed for value \"sdfdsf\" (type string) at path \"price\"","name":"CastError","path":"price","reason":{"actual":false,"code":"ERR_ASSERTION","expected":true,"generatedMessage":true,"operator":"=="},"stringValue":"\"sdfdsf\"","value":"sdfdsf","valueType":"string"},"stock":{"kind":"Number","message":"Cast to Number failed for value \"sdfdsf\" (type string) at path \"stock\"","name":"CastError","path":"stock","reason":{"actual":false,"code":"ERR_ASSERTION","expected":true,"generatedMessage":true,"operator":"=="},"stringValue":"\"sdfdsf\"","value":"sdfdsf","valueType":"string"}},"level":"error","message":"products validation failed: price: Cast to Number failed for value \"sdfdsf\" (type string) at path \"price\", stock: Cast to Number failed for value \"sdfdsf\" (type string) at path \"stock\"","name":"ValidationError","timestamp":"2022-06-24T20:33:22.232Z"}
{"_message":"products validation failed","errors":{"price":{"kind":"Number","message":"Cast to Number failed for value \"sfdfd\" (type string) at path \"price\"","name":"CastError","path":"price","reason":{"actual":false,"code":"ERR_ASSERTION","expected":true,"generatedMessage":true,"operator":"=="},"stringValue":"\"sfdfd\"","value":"sfdfd","valueType":"string"},"stock":{"kind":"Number","message":"Cast to Number failed for value \"sdfdfs\" (type string) at path \"stock\"","name":"CastError","path":"stock","reason":{"actual":false,"code":"ERR_ASSERTION","expected":true,"generatedMessage":true,"operator":"=="},"stringValue":"\"sdfdfs\"","value":"sdfdfs","valueType":"string"}},"level":"error","message":"products validation failed: price: Cast to Number failed for value \"sfdfd\" (type string) at path \"price\", stock: Cast to Number failed for value \"sdfdfs\" (type string) at path \"stock\"","name":"ValidationError","timestamp":"2022-06-24T20:57:20.184Z"}
{"_message":"products validation failed","errors":{"price":{"kind":"Number","message":"Cast to Number failed for value \"A\" (type string) at path \"price\"","name":"CastError","path":"price","reason":{"actual":false,"code":"ERR_ASSERTION","expected":true,"generatedMessage":true,"operator":"=="},"stringValue":"\"A\"","value":"A","valueType":"string"},"stock":{"kind":"Number","message":"Cast to Number failed for value \"A\" (type string) at path \"stock\"","name":"CastError","path":"stock","reason":{"actual":false,"code":"ERR_ASSERTION","expected":true,"generatedMessage":true,"operator":"=="},"stringValue":"\"A\"","value":"A","valueType":"string"}},"level":"error","message":"products validation failed: price: Cast to Number failed for value \"A\" (type string) at path \"price\", stock: Cast to Number failed for value \"A\" (type string) at path \"stock\"","name":"ValidationError","timestamp":"2022-06-24T21:00:47.826Z"}
{"level":"warn","message":"Se ha recibido una petición en la ruta inexistente /signup/favicon.ico.","timestamp":"2022-06-24T21:10:59.825Z"}
{"level":"warn","message":"Se ha recibido una petición en la ruta inexistente /login/favicon.ico.","timestamp":"2022-06-24T21:11:04.413Z"}
{"level":"warn","message":"Se ha recibido una petición en la ruta inexistente /login/favicon.ico.","timestamp":"2022-06-29T16:15:12.066Z"}
{"level":"warn","message":"Se ha recibido una petición en la ruta inexistente /login/favicon.ico.","timestamp":"2022-06-29T16:15:23.103Z"}
{"level":"warn","message":"Se ha recibido una petición en la ruta inexistente /login/favicon.ico.","timestamp":"2022-07-07T16:03:28.392Z"}
{"level":"warn","message":"Se ha recibido una petición en la ruta inexistente /login/favicon.ico.","timestamp":"2022-07-07T18:47:12.787Z"}
{"level":"warn","message":"Se ha recibido una petición en la ruta inexistente /login/favicon.ico.","timestamp":"2022-07-07T18:47:23.531Z"}
{"level":"warn","message":"Se ha recibido una petición en la ruta inexistente /login/favicon.ico.","timestamp":"2022-07-15T22:45:50.189Z"}
{"level":"warn","message":"Se ha recibido una petición en la ruta inexistente /login/favicon.ico.","timestamp":"2022-07-15T22:48:06.666Z"}
{"level":"warn","message":"Se ha recibido una petición en la ruta inexistente /login/favicon.ico.","timestamp":"2022-07-15T22:59:31.728Z"}
{"level":"error","timestamp":"2022-07-16T01:49:09.682Z"}
{"level":"error","timestamp":"2022-07-16T01:49:33.723Z"}
{"level":"error","timestamp":"2022-07-16T01:50:12.195Z"}
{"level":"error","timestamp":"2022-07-16T01:50:45.371Z"}
{"level":"warn","message":"Se ha recibido una petición en la ruta inexistente /login/favicon.ico.","timestamp":"2022-07-16T01:51:28.828Z"}
{"level":"warn","message":"Se ha recibido una petición en la ruta inexistente /api/products.","timestamp":"2022-07-19T18:24:27.712Z"}
{"level":"warn","message":"Se ha recibido una petición en la ruta inexistente /login/favicon.ico.","timestamp":"2022-07-19T18:25:41.741Z"}
{"level":"warn","message":"Se ha recibido una petición en la ruta inexistente /login/favicon.ico.","timestamp":"2022-07-19T18:26:02.086Z"}
{"level":"warn","message":"Se ha recibido una petición en la ruta inexistente /api.","timestamp":"2022-07-19T19:08:40.847Z"}
{"kind":"ObjectId","message":"Cast to ObjectId failed for value \"12345\" (type string) at path \"_id\" for model \"products\"","name":"CastError","path":"_id","reason":{},"stringValue":"\"12345\"","value":"12345","valueType":"string"}
{"level":"warn","message":"Se ha recibido una petición en la ruta inexistente /login/favicon.ico.","timestamp":"2022-08-04T11:49:28.730Z"}
{"level":"warn","message":"Se ha recibido una petición en la ruta inexistente /login/favicon.ico.","timestamp":"2022-08-04T11:49:39.708Z"}
{"level":"warn","message":"Se ha recibido una petición en la ruta inexistente /login/favicon.ico.","timestamp":"2022-08-04T11:50:09.070Z"}
{"level":"warn","message":"Se ha recibido una petición en la ruta inexistente /login/favicon.ico.","timestamp":"2022-08-04T11:50:41.944Z"}
{"level":"warn","message":"Se ha recibido una petición en la ruta inexistente /login/favicon.ico.","timestamp":"2022-08-04T11:50:51.559Z"}
{"level":"warn","message":"Se ha recibido una petición en la ruta inexistente /api/products.","timestamp":"2022-08-04T11:52:45.585Z"}
{"level":"warn","message":"Se ha recibido una petición en la ruta inexistente /api/carts.","timestamp":"2022-08-04T11:53:06.931Z"}
{"level":"warn","message":"Se ha recibido una petición en la ruta inexistente /api/carritos.","timestamp":"2022-08-04T11:53:10.768Z"}
{"level":"warn","message":"Se ha recibido una petición en la ruta inexistente /api/carrito.","timestamp":"2022-08-04T11:53:13.472Z"}
